{
  "RSpec": {
    "coverage": {
      "/Users/tabishraza/Projects/stack/spec/features/app_spec.rb": [
        1,
        1,
        1,
        2,
        1,
        1,
        null,
        null,
        null,
        1,
        1,
        1,
        1,
        null,
        null,
        null,
        1,
        1,
        1,
        1,
        2,
        1,
        null,
        null
      ],
      "/Users/tabishraza/Projects/stack/spec/features/signin_spec.rb": [
        1,
        1,
        1,
        1,
        1,
        null,
        null
      ]
    },
    "timestamp": 1511947421
  }
}
